ISim log file
Running: E:\Computer Architecture\ca_fp\Basic_computer\uut_main_board_isim_beh.exe -intstyle ise -gui -tclbatch isim.cmd -wdb E:/Computer Architecture/ca_fp/Basic_computer/uut_main_board_isim_beh.wdb 
ISim P.20131013 (signature 0x7708f090)
This is a Full version of ISim.
Time resolution is 1 ps
# onerror resume
# wave add /
# run 1000 ns
Simulator is doing circuit initialization process.
Finished circuit initialization process.
at 25 ns(1), Instance /uut_main_board/uut/ram_unit/ : Warning: NUMERIC_STD.TO_INTEGER: metavalue detected, returning 0
at 25 ns(1), Instance /uut_main_board/uut/cpu_unit/ : Warning: There is an 'U'|'X'|'W'|'Z'|'-' in an arithmetic operand, the result will be 'X'(es).
at 35 ns(1), Instance /uut_main_board/uut/ram_unit/ : Warning: NUMERIC_STD.TO_INTEGER: metavalue detected, returning 0
at 45 ns(1), Instance /uut_main_board/uut/ram_unit/ : Warning: NUMERIC_STD.TO_INTEGER: metavalue detected, returning 0
at 55 ns(1), Instance /uut_main_board/uut/ram_unit/ : Warning: NUMERIC_STD.TO_INTEGER: metavalue detected, returning 0
at 65 ns(1), Instance /uut_main_board/uut/ram_unit/ : Warning: NUMERIC_STD.TO_INTEGER: metavalue detected, returning 0
at 75 ns(1), Instance /uut_main_board/uut/ram_unit/ : Warning: NUMERIC_STD.TO_INTEGER: metavalue detected, returning 0
at 85 ns(1), Instance /uut_main_board/uut/ram_unit/ : Warning: NUMERIC_STD.TO_INTEGER: metavalue detected, returning 0
at 95 ns(1), Instance /uut_main_board/uut/ram_unit/ : Warning: NUMERIC_STD.TO_INTEGER: metavalue detected, returning 0
at 105 ns(1), Instance /uut_main_board/uut/ram_unit/ : Warning: NUMERIC_STD.TO_INTEGER: metavalue detected, returning 0
at 115 ns(1), Instance /uut_main_board/uut/ram_unit/ : Warning: NUMERIC_STD.TO_INTEGER: metavalue detected, returning 0
at 125 ns(1), Instance /uut_main_board/uut/ram_unit/ : Warning: NUMERIC_STD.TO_INTEGER: metavalue detected, returning 0
at 135 ns(1), Instance /uut_main_board/uut/ram_unit/ : Warning: NUMERIC_STD.TO_INTEGER: metavalue detected, returning 0
at 145 ns(1), Instance /uut_main_board/uut/ram_unit/ : Warning: NUMERIC_STD.TO_INTEGER: metavalue detected, returning 0
at 155 ns(1), Instance /uut_main_board/uut/ram_unit/ : Warning: NUMERIC_STD.TO_INTEGER: metavalue detected, returning 0
at 165 ns(1), Instance /uut_main_board/uut/ram_unit/ : Warning: NUMERIC_STD.TO_INTEGER: metavalue detected, returning 0
at 175 ns(1), Instance /uut_main_board/uut/ram_unit/ : Warning: NUMERIC_STD.TO_INTEGER: metavalue detected, returning 0
at 185 ns(1), Instance /uut_main_board/uut/ram_unit/ : Warning: NUMERIC_STD.TO_INTEGER: metavalue detected, returning 0
at 195 ns(1), Instance /uut_main_board/uut/ram_unit/ : Warning: NUMERIC_STD.TO_INTEGER: metavalue detected, returning 0
at 205 ns(1), Instance /uut_main_board/uut/ram_unit/ : Warning: NUMERIC_STD.TO_INTEGER: metavalue detected, returning 0
at 215 ns(1), Instance /uut_main_board/uut/ram_unit/ : Warning: NUMERIC_STD.TO_INTEGER: metavalue detected, returning 0
at 225 ns(1), Instance /uut_main_board/uut/ram_unit/ : Warning: NUMERIC_STD.TO_INTEGER: metavalue detected, returning 0
at 235 ns(1), Instance /uut_main_board/uut/ram_unit/ : Warning: NUMERIC_STD.TO_INTEGER: metavalue detected, returning 0
at 245 ns(1), Instance /uut_main_board/uut/ram_unit/ : Warning: NUMERIC_STD.TO_INTEGER: metavalue detected, returning 0
at 255 ns(1), Instance /uut_main_board/uut/ram_unit/ : Warning: NUMERIC_STD.TO_INTEGER: metavalue detected, returning 0
at 265 ns(1), Instance /uut_main_board/uut/ram_unit/ : Warning: NUMERIC_STD.TO_INTEGER: metavalue detected, returning 0
at 275 ns(1), Instance /uut_main_board/uut/ram_unit/ : Warning: NUMERIC_STD.TO_INTEGER: metavalue detected, returning 0
at 285 ns(1), Instance /uut_main_board/uut/ram_unit/ : Warning: NUMERIC_STD.TO_INTEGER: metavalue detected, returning 0
at 295 ns(1), Instance /uut_main_board/uut/ram_unit/ : Warning: NUMERIC_STD.TO_INTEGER: metavalue detected, returning 0
at 305 ns(1), Instance /uut_main_board/uut/ram_unit/ : Warning: NUMERIC_STD.TO_INTEGER: metavalue detected, returning 0
at 315 ns(1), Instance /uut_main_board/uut/ram_unit/ : Warning: NUMERIC_STD.TO_INTEGER: metavalue detected, returning 0
at 325 ns(1), Instance /uut_main_board/uut/ram_unit/ : Warning: NUMERIC_STD.TO_INTEGER: metavalue detected, returning 0
at 335 ns(1), Instance /uut_main_board/uut/ram_unit/ : Warning: NUMERIC_STD.TO_INTEGER: metavalue detected, returning 0
at 345 ns(1), Instance /uut_main_board/uut/ram_unit/ : Warning: NUMERIC_STD.TO_INTEGER: metavalue detected, returning 0
at 355 ns(1), Instance /uut_main_board/uut/ram_unit/ : Warning: NUMERIC_STD.TO_INTEGER: metavalue detected, returning 0
at 365 ns(1), Instance /uut_main_board/uut/ram_unit/ : Warning: NUMERIC_STD.TO_INTEGER: metavalue detected, returning 0
at 375 ns(1), Instance /uut_main_board/uut/ram_unit/ : Warning: NUMERIC_STD.TO_INTEGER: metavalue detected, returning 0
at 385 ns(1), Instance /uut_main_board/uut/ram_unit/ : Warning: NUMERIC_STD.TO_INTEGER: metavalue detected, returning 0
at 395 ns(1), Instance /uut_main_board/uut/ram_unit/ : Warning: NUMERIC_STD.TO_INTEGER: metavalue detected, returning 0
at 405 ns(1), Instance /uut_main_board/uut/ram_unit/ : Warning: NUMERIC_STD.TO_INTEGER: metavalue detected, returning 0

** Failure:finish
User(VHDL) Code Called Simulation Stop
In process uut_main_board.vhd:stim_proc 
 
INFO: Simulator is stopped.
# run 1.00us
INFO: Simulator is stopped.
