Command line:
   uut_main_board_isim_beh.exe
     -simmode  gui
     -simrunnum  0
     -socket  56764

Sat Sep 26 21:28:53 2020


 Elaboration Time: 0.53125 sec

 Current Memory Usage: 5162.85 Meg

 Total Signals          : 30
 Total Nets             : 302
 Total Signal Drivers   : 13
 Total Blocks           : 9
 Total Primitive Blocks : 7
 Total Processes        : 8
 Total Traceable Variables  : 16
 Total Scalar Nets and Variables : 804

** Failure:finish
User(VHDL) Code Called Simulation Stop
In process uut_main_board.vhd:stim_proc 
 


 Total Simulation Time: 0.53125 sec

 Current Memory Usage: 5162.85 Meg

Sat Sep 26 21:29:19 2020

